TN:
SF:src/hooks/useGlyphEditor.ts
FN:18,applyPointDelta
FN:22,(anonymous_1)
FN:24,(anonymous_2)
FN:55,getPoint
FN:74,cmdEndpoint
FN:86,buildReversedAppendCmds
FN:87,(anonymous_6)
FN:114,computeClipboardData
FN:230,reducer
FN:281,(anonymous_9)
FN:337,(anonymous_10)
FN:339,(anonymous_11)
FN:397,(anonymous_12)
FN:577,(anonymous_13)
FN:593,(anonymous_14)
FN:624,(anonymous_15)
FN:626,(anonymous_16)
FN:643,(anonymous_17)
FN:646,(anonymous_18)
FN:662,(anonymous_19)
FN:677,(anonymous_20)
FN:703,(anonymous_21)
FN:736,(anonymous_22)
FN:900,(anonymous_23)
FN:903,(anonymous_24)
FN:921,(anonymous_25)
FN:1144,(anonymous_26)
FN:1163,(anonymous_27)
FN:1217,(anonymous_28)
FN:1249,(anonymous_29)
FN:1266,(anonymous_30)
FN:1289,(anonymous_31)
FN:1290,(anonymous_32)
FN:1304,(anonymous_33)
FN:1326,(anonymous_34)
FN:1328,(anonymous_35)
FN:1351,(anonymous_36)
FN:1354,(anonymous_37)
FN:1375,(anonymous_38)
FN:1383,(anonymous_39)
FN:1391,(anonymous_40)
FN:1401,makeInitialState
FN:1428,useGlyphEditor
FNF:43
FNH:7
FNDA:0,applyPointDelta
FNDA:0,(anonymous_1)
FNDA:0,(anonymous_2)
FNDA:10,getPoint
FNDA:0,cmdEndpoint
FNDA:0,buildReversedAppendCmds
FNDA:0,(anonymous_6)
FNDA:6,computeClipboardData
FNDA:19,reducer
FNDA:0,(anonymous_9)
FNDA:0,(anonymous_10)
FNDA:0,(anonymous_11)
FNDA:0,(anonymous_12)
FNDA:0,(anonymous_13)
FNDA:0,(anonymous_14)
FNDA:1,(anonymous_15)
FNDA:2,(anonymous_16)
FNDA:1,(anonymous_17)
FNDA:0,(anonymous_18)
FNDA:0,(anonymous_19)
FNDA:0,(anonymous_20)
FNDA:0,(anonymous_21)
FNDA:0,(anonymous_22)
FNDA:0,(anonymous_23)
FNDA:0,(anonymous_24)
FNDA:0,(anonymous_25)
FNDA:0,(anonymous_26)
FNDA:0,(anonymous_27)
FNDA:0,(anonymous_28)
FNDA:0,(anonymous_29)
FNDA:0,(anonymous_30)
FNDA:0,(anonymous_31)
FNDA:0,(anonymous_32)
FNDA:0,(anonymous_33)
FNDA:0,(anonymous_34)
FNDA:0,(anonymous_35)
FNDA:0,(anonymous_36)
FNDA:0,(anonymous_37)
FNDA:0,(anonymous_38)
FNDA:0,(anonymous_39)
FNDA:0,(anonymous_40)
FNDA:20,makeInitialState
FNDA:0,useGlyphEditor
DA:16,1
DA:22,0
DA:25,0
DA:26,0
DA:27,0
DA:28,0
DA:30,0
DA:31,0
DA:32,0
DA:33,0
DA:39,0
DA:40,0
DA:41,0
DA:42,0
DA:43,0
DA:50,0
DA:56,10
DA:57,10
DA:58,16
DA:59,13
DA:60,2
DA:61,1
DA:63,11
DA:64,3
DA:65,2
DA:66,1
DA:70,2
DA:75,0
DA:76,0
DA:77,0
DA:78,0
DA:87,0
DA:88,0
DA:90,0
DA:93,0
DA:94,0
DA:95,0
DA:98,0
DA:99,0
DA:100,0
DA:101,0
DA:102,0
DA:103,0
DA:104,0
DA:105,0
DA:106,0
DA:107,0
DA:111,0
DA:115,6
DA:116,6
DA:118,6
DA:119,6
DA:120,6
DA:121,6
DA:123,6
DA:124,12
DA:125,6
DA:126,6
DA:127,6
DA:128,4
DA:130,4
DA:133,4
DA:134,3
DA:140,3
DA:141,3
DA:143,4
DA:144,2
DA:145,1
DA:147,1
DA:150,1
DA:151,1
DA:158,1
DA:159,1
DA:161,1
DA:162,1
DA:163,1
DA:165,1
DA:168,1
DA:169,1
DA:177,1
DA:178,1
DA:180,1
DA:185,6
DA:186,0
DA:188,0
DA:191,0
DA:192,0
DA:198,0
DA:199,0
DA:205,6
DA:206,6
DA:207,12
DA:208,6
DA:209,1
DA:211,6
DA:212,4
DA:213,0
DA:215,2
DA:216,1
DA:217,0
DA:219,1
DA:220,1
DA:221,0
DA:227,6
DA:231,19
DA:233,1
DA:246,0
DA:250,1
DA:251,1
DA:252,1
DA:256,0
DA:260,0
DA:261,0
DA:262,0
DA:274,0
DA:275,0
DA:276,0
DA:278,0
DA:279,0
DA:281,0
DA:282,0
DA:283,0
DA:284,0
DA:285,0
DA:286,0
DA:289,0
DA:291,0
DA:292,0
DA:293,0
DA:294,0
DA:296,0
DA:297,0
DA:298,0
DA:299,0
DA:300,0
DA:301,0
DA:302,0
DA:303,0
DA:304,0
DA:306,0
DA:307,0
DA:308,0
DA:309,0
DA:310,0
DA:311,0
DA:312,0
DA:314,0
DA:315,0
DA:316,0
DA:317,0
DA:318,0
DA:319,0
DA:320,0
DA:321,0
DA:323,0
DA:328,0
DA:329,0
DA:330,0
DA:331,0
DA:332,0
DA:337,0
DA:340,0
DA:341,0
DA:342,0
DA:343,0
DA:345,0
DA:346,0
DA:347,0
DA:348,0
DA:349,0
DA:351,0
DA:352,0
DA:353,0
DA:354,0
DA:355,0
DA:356,0
DA:358,0
DA:359,0
DA:360,0
DA:362,0
DA:363,0
DA:364,0
DA:365,0
DA:366,0
DA:367,0
DA:369,0
DA:370,0
DA:371,0
DA:373,0
DA:374,0
DA:375,0
DA:377,0
DA:379,0
DA:383,0
DA:384,0
DA:385,0
DA:396,0
DA:397,0
DA:398,0
DA:399,0
DA:401,0
DA:402,0
DA:406,1
DA:417,2
DA:418,2
DA:419,1
DA:420,2
DA:428,0
DA:429,0
DA:430,0
DA:431,0
DA:439,1
DA:447,2
DA:455,1
DA:459,0
DA:460,0
DA:461,0
DA:462,0
DA:464,0
DA:465,0
DA:471,0
DA:472,0
DA:476,0
DA:477,0
DA:479,0
DA:490,2
DA:491,1
DA:492,1
DA:493,1
DA:506,0
DA:507,0
DA:508,0
DA:509,0
DA:522,1
DA:526,1
DA:530,1
DA:534,0
DA:538,0
DA:542,1
DA:546,1
DA:550,1
DA:554,0
DA:558,0
DA:562,0
DA:563,0
DA:575,0
DA:576,0
DA:577,0
DA:578,0
DA:579,0
DA:581,0
DA:591,0
DA:592,0
DA:593,0
DA:594,0
DA:595,0
DA:596,0
DA:597,0
DA:599,0
DA:610,2
DA:611,1
DA:612,1
DA:615,1
DA:617,1
DA:618,0
DA:619,0
DA:620,0
DA:623,1
DA:624,1
DA:627,2
DA:628,2
DA:630,0
DA:631,0
DA:633,0
DA:634,0
DA:640,0
DA:643,1
DA:646,1
DA:648,2
DA:661,0
DA:662,0
DA:663,0
DA:664,0
DA:666,0
DA:676,0
DA:677,0
DA:678,0
DA:679,0
DA:680,0
DA:681,0
DA:683,0
DA:686,0
DA:696,0
DA:700,0
DA:701,0
DA:703,0
DA:704,0
DA:706,0
DA:709,0
DA:711,0
DA:712,0
DA:717,0
DA:720,0
DA:731,0
DA:732,0
DA:734,0
DA:736,0
DA:737,0
DA:739,0
DA:742,0
DA:743,0
DA:745,0
DA:746,0
DA:747,0
DA:748,0
DA:749,0
DA:750,0
DA:751,0
DA:752,0
DA:753,0
DA:754,0
DA:758,0
DA:762,0
DA:769,0
DA:771,0
DA:773,0
DA:774,0
DA:777,0
DA:778,0
DA:779,0
DA:780,0
DA:781,0
DA:792,0
DA:793,0
DA:794,0
DA:795,0
DA:796,0
DA:797,0
DA:798,0
DA:815,0
DA:818,0
DA:820,0
DA:821,0
DA:822,0
DA:823,0
DA:824,0
DA:825,0
DA:827,0
DA:828,0
DA:829,0
DA:830,0
DA:831,0
DA:842,0
DA:843,0
DA:844,0
DA:845,0
DA:846,0
DA:847,0
DA:848,0
DA:866,0
DA:868,0
DA:870,0
DA:871,0
DA:872,0
DA:877,0
DA:880,0
DA:890,0
DA:891,0
DA:893,0
DA:894,0
DA:895,0
DA:897,0
DA:898,0
DA:899,0
DA:900,0
DA:903,0
DA:904,0
DA:907,0
DA:908,0
DA:909,0
DA:910,0
DA:911,0
DA:915,0
DA:916,0
DA:917,0
DA:918,0
DA:921,0
DA:922,0
DA:923,0
DA:924,0
DA:926,0
DA:927,0
DA:928,0
DA:929,0
DA:934,0
DA:939,0
DA:940,0
DA:941,0
DA:943,0
DA:944,0
DA:946,0
DA:947,0
DA:951,0
DA:952,0
DA:953,0
DA:954,0
DA:955,0
DA:958,0
DA:959,0
DA:963,0
DA:964,0
DA:965,0
DA:968,0
DA:969,0
DA:970,0
DA:971,0
DA:972,0
DA:983,0
DA:984,0
DA:985,0
DA:988,0
DA:989,0
DA:990,0
DA:993,0
DA:994,0
DA:999,0
DA:1001,0
DA:1002,0
DA:1003,0
DA:1005,0
DA:1006,0
DA:1015,0
DA:1016,0
DA:1017,0
DA:1018,0
DA:1019,0
DA:1034,0
DA:1035,0
DA:1036,0
DA:1037,0
DA:1038,0
DA:1039,0
DA:1040,0
DA:1041,0
DA:1064,0
DA:1065,0
DA:1066,0
DA:1070,0
DA:1074,0
DA:1076,0
DA:1077,0
DA:1081,0
DA:1082,0
DA:1087,0
DA:1088,0
DA:1089,0
DA:1091,0
DA:1092,0
DA:1093,0
DA:1095,0
DA:1096,0
DA:1106,0
DA:1118,0
DA:1119,0
DA:1123,0
DA:1125,0
DA:1137,0
DA:1138,0
DA:1141,0
DA:1142,0
DA:1143,0
DA:1144,0
DA:1145,0
DA:1146,0
DA:1148,0
DA:1151,0
DA:1152,0
DA:1156,0
DA:1161,0
DA:1162,0
DA:1163,0
DA:1164,0
DA:1165,0
DA:1176,0
DA:1188,0
DA:1189,0
DA:1190,0
DA:1191,0
DA:1202,0
DA:1214,0
DA:1215,0
DA:1217,0
DA:1218,0
DA:1219,0
DA:1222,0
DA:1223,0
DA:1224,0
DA:1226,0
DA:1227,0
DA:1228,0
DA:1229,0
DA:1231,0
DA:1232,0
DA:1233,0
DA:1234,0
DA:1235,0
DA:1237,0
DA:1238,0
DA:1239,0
DA:1240,0
DA:1241,0
DA:1245,0
DA:1248,0
DA:1249,0
DA:1250,0
DA:1251,0
DA:1253,0
DA:1263,0
DA:1266,0
DA:1269,0
DA:1271,0
DA:1272,0
DA:1276,0
DA:1278,0
DA:1280,0
DA:1283,0
DA:1288,0
DA:1289,0
DA:1290,0
DA:1292,0
DA:1304,0
DA:1305,0
DA:1307,0
DA:1321,0
DA:1324,0
DA:1325,0
DA:1326,0
DA:1327,0
DA:1328,0
DA:1329,0
DA:1331,0
DA:1347,0
DA:1350,0
DA:1351,0
DA:1352,0
DA:1353,0
DA:1354,0
DA:1355,0
DA:1369,0
DA:1373,0
DA:1376,0
DA:1381,0
DA:1384,0
DA:1389,0
DA:1392,0
DA:1397,0
DA:1402,20
DA:1429,0
LF:558
LH:95
BRDA:25,0,0,0
BRDA:25,0,1,0
BRDA:25,1,0,0
BRDA:25,1,1,0
BRDA:27,2,0,0
BRDA:27,2,1,0
BRDA:30,3,0,0
BRDA:30,3,1,0
BRDA:35,4,0,0
BRDA:35,4,1,0
BRDA:36,5,0,0
BRDA:36,5,1,0
BRDA:39,6,0,0
BRDA:39,6,1,0
BRDA:45,7,0,0
BRDA:45,7,1,0
BRDA:46,8,0,0
BRDA:46,8,1,0
BRDA:47,9,0,0
BRDA:47,9,1,0
BRDA:58,10,0,3
BRDA:58,10,1,13
BRDA:58,11,0,16
BRDA:58,11,1,6
BRDA:58,11,2,11
BRDA:59,12,0,2
BRDA:59,12,1,11
BRDA:60,13,0,1
BRDA:60,13,1,1
BRDA:61,14,0,1
BRDA:61,14,1,0
BRDA:63,15,0,3
BRDA:63,15,1,8
BRDA:64,16,0,1
BRDA:64,16,1,2
BRDA:65,17,0,1
BRDA:65,17,1,1
BRDA:66,18,0,1
BRDA:66,18,1,0
BRDA:75,19,0,0
BRDA:75,19,1,0
BRDA:75,20,0,0
BRDA:75,20,1,0
BRDA:76,21,0,0
BRDA:76,21,1,0
BRDA:77,22,0,0
BRDA:77,22,1,0
BRDA:88,23,0,0
BRDA:88,23,1,0
BRDA:94,24,0,0
BRDA:94,24,1,0
BRDA:101,25,0,0
BRDA:101,25,1,0
BRDA:102,26,0,0
BRDA:102,26,1,0
BRDA:104,27,0,0
BRDA:104,27,1,0
BRDA:106,28,0,0
BRDA:106,28,1,0
BRDA:124,29,0,6
BRDA:124,29,1,6
BRDA:127,30,0,4
BRDA:127,30,1,2
BRDA:127,31,0,6
BRDA:127,31,1,4
BRDA:130,32,0,4
BRDA:130,32,1,1
BRDA:130,32,2,1
BRDA:133,33,0,3
BRDA:133,33,1,1
BRDA:144,34,0,1
BRDA:144,34,1,1
BRDA:144,35,0,2
BRDA:144,35,1,1
BRDA:147,36,0,1
BRDA:147,36,1,0
BRDA:147,36,2,0
BRDA:150,37,0,1
BRDA:150,37,1,0
BRDA:162,38,0,1
BRDA:162,38,1,0
BRDA:162,39,0,1
BRDA:162,39,1,1
BRDA:165,40,0,1
BRDA:165,40,1,0
BRDA:165,40,2,0
BRDA:168,41,0,1
BRDA:168,41,1,0
BRDA:185,42,0,0
BRDA:185,42,1,6
BRDA:185,43,0,6
BRDA:185,43,1,0
BRDA:185,43,2,0
BRDA:185,43,3,0
BRDA:188,44,0,0
BRDA:188,44,1,0
BRDA:188,44,2,0
BRDA:191,45,0,0
BRDA:191,45,1,0
BRDA:207,46,0,6
BRDA:207,46,1,6
BRDA:208,47,0,1
BRDA:208,47,1,5
BRDA:208,48,0,6
BRDA:208,48,1,1
BRDA:211,49,0,4
BRDA:211,49,1,2
BRDA:212,50,0,0
BRDA:212,50,1,4
BRDA:212,51,0,4
BRDA:212,51,1,0
BRDA:215,52,0,1
BRDA:215,52,1,1
BRDA:216,53,0,0
BRDA:216,53,1,1
BRDA:216,54,0,1
BRDA:216,54,1,0
BRDA:219,55,0,1
BRDA:219,55,1,0
BRDA:220,56,0,0
BRDA:220,56,1,1
BRDA:220,57,0,1
BRDA:220,57,1,0
BRDA:231,58,0,1
BRDA:231,58,1,0
BRDA:231,58,2,1
BRDA:231,58,3,0
BRDA:231,58,4,0
BRDA:231,58,5,0
BRDA:231,58,6,0
BRDA:231,58,7,1
BRDA:231,58,8,2
BRDA:231,58,9,0
BRDA:231,58,10,1
BRDA:231,58,11,2
BRDA:231,58,12,1
BRDA:231,58,13,0
BRDA:231,58,14,2
BRDA:231,58,15,0
BRDA:231,58,16,1
BRDA:231,58,17,1
BRDA:231,58,18,1
BRDA:231,58,19,0
BRDA:231,58,20,0
BRDA:231,58,21,1
BRDA:231,58,22,1
BRDA:231,58,23,1
BRDA:231,58,24,0
BRDA:231,58,25,0
BRDA:231,58,26,0
BRDA:231,58,27,0
BRDA:231,58,28,0
BRDA:231,58,29,2
BRDA:231,58,30,0
BRDA:231,58,31,0
BRDA:231,58,32,0
BRDA:231,58,33,0
BRDA:231,58,34,0
BRDA:231,58,35,0
BRDA:231,58,36,0
BRDA:231,58,37,0
BRDA:231,58,38,0
BRDA:231,58,39,0
BRDA:231,58,40,0
BRDA:231,58,41,0
BRDA:231,58,42,0
BRDA:231,58,43,0
BRDA:231,58,44,0
BRDA:231,58,45,0
BRDA:231,58,46,0
BRDA:240,59,0,1
BRDA:240,59,1,1
BRDA:241,60,0,1
BRDA:241,60,1,1
BRDA:267,61,0,0
BRDA:268,62,0,0
BRDA:269,63,0,0
BRDA:270,64,0,0
BRDA:271,65,0,0
BRDA:297,66,0,0
BRDA:297,66,1,0
BRDA:300,67,0,0
BRDA:300,67,1,0
BRDA:300,68,0,0
BRDA:300,68,1,0
BRDA:302,69,0,0
BRDA:302,69,1,0
BRDA:307,70,0,0
BRDA:307,70,1,0
BRDA:307,71,0,0
BRDA:307,71,1,0
BRDA:309,72,0,0
BRDA:309,72,1,0
BRDA:315,73,0,0
BRDA:315,73,1,0
BRDA:315,74,0,0
BRDA:315,74,1,0
BRDA:317,75,0,0
BRDA:317,75,1,0
BRDA:328,76,0,0
BRDA:328,76,1,0
BRDA:328,77,0,0
BRDA:328,77,1,0
BRDA:328,77,2,0
BRDA:328,77,3,0
BRDA:330,78,0,0
BRDA:330,78,1,0
BRDA:340,79,0,0
BRDA:340,79,1,0
BRDA:341,80,0,0
BRDA:341,80,1,0
BRDA:346,81,0,0
BRDA:346,81,1,0
BRDA:347,82,0,0
BRDA:347,82,1,0
BRDA:352,83,0,0
BRDA:352,83,1,0
BRDA:354,84,0,0
BRDA:354,84,1,0
BRDA:358,85,0,0
BRDA:358,85,1,0
BRDA:363,86,0,0
BRDA:363,86,1,0
BRDA:365,87,0,0
BRDA:365,87,1,0
BRDA:369,88,0,0
BRDA:369,88,1,0
BRDA:373,89,0,0
BRDA:373,89,1,0
BRDA:398,90,0,0
BRDA:398,90,1,0
BRDA:410,91,0,1
BRDA:410,91,1,0
BRDA:418,92,0,1
BRDA:418,92,1,1
BRDA:429,93,0,0
BRDA:429,93,1,0
BRDA:461,94,0,0
BRDA:461,94,1,0
BRDA:462,95,0,0
BRDA:462,95,1,0
BRDA:462,95,2,0
BRDA:464,96,0,0
BRDA:464,96,1,0
BRDA:464,97,0,0
BRDA:464,97,1,0
BRDA:490,98,0,1
BRDA:490,98,1,1
BRDA:506,99,0,0
BRDA:506,99,1,0
BRDA:575,100,0,0
BRDA:575,100,1,0
BRDA:578,101,0,0
BRDA:578,101,1,0
BRDA:591,102,0,0
BRDA:591,102,1,0
BRDA:594,103,0,0
BRDA:594,103,1,0
BRDA:596,104,0,0
BRDA:596,104,1,0
BRDA:610,105,0,1
BRDA:610,105,1,1
BRDA:610,106,0,2
BRDA:610,106,1,1
BRDA:627,107,0,2
BRDA:627,107,1,0
BRDA:627,108,0,2
BRDA:627,108,1,1
BRDA:630,109,0,0
BRDA:630,109,1,0
BRDA:631,110,0,0
BRDA:631,110,1,0
BRDA:633,111,0,0
BRDA:633,111,1,0
BRDA:635,112,0,0
BRDA:635,112,1,0
BRDA:635,112,2,0
BRDA:646,113,0,1
BRDA:646,113,1,0
BRDA:655,114,0,0
BRDA:655,114,1,1
BRDA:656,115,0,0
BRDA:656,115,1,1
BRDA:663,116,0,0
BRDA:663,116,1,0
BRDA:678,117,0,0
BRDA:678,117,1,0
BRDA:680,118,0,0
BRDA:680,118,1,0
BRDA:704,119,0,0
BRDA:704,119,1,0
BRDA:709,120,0,0
BRDA:709,120,1,0
BRDA:709,121,0,0
BRDA:709,121,1,0
BRDA:737,122,0,0
BRDA:737,122,1,0
BRDA:746,123,0,0
BRDA:746,123,1,0
BRDA:746,124,0,0
BRDA:746,124,1,0
BRDA:747,125,0,0
BRDA:747,125,1,0
BRDA:748,126,0,0
BRDA:748,126,1,0
BRDA:749,127,0,0
BRDA:749,127,1,0
BRDA:750,128,0,0
BRDA:750,128,1,0
BRDA:751,129,0,0
BRDA:751,129,1,0
BRDA:752,130,0,0
BRDA:752,130,1,0
BRDA:753,131,0,0
BRDA:753,131,1,0
BRDA:754,132,0,0
BRDA:754,132,1,0
BRDA:758,133,0,0
BRDA:758,133,1,0
BRDA:758,134,0,0
BRDA:758,134,1,0
BRDA:762,135,0,0
BRDA:762,135,1,0
BRDA:762,135,2,0
BRDA:762,135,3,0
BRDA:762,135,4,0
BRDA:771,136,0,0
BRDA:771,136,1,0
BRDA:777,137,0,0
BRDA:777,137,1,0
BRDA:821,138,0,0
BRDA:821,138,1,0
BRDA:824,139,0,0
BRDA:824,139,1,0
BRDA:825,140,0,0
BRDA:825,140,1,0
BRDA:825,141,0,0
BRDA:825,141,1,0
BRDA:827,142,0,0
BRDA:827,142,1,0
BRDA:871,143,0,0
BRDA:871,143,1,0
BRDA:871,144,0,0
BRDA:871,144,1,0
BRDA:891,145,0,0
BRDA:891,145,1,0
BRDA:891,146,0,0
BRDA:891,146,1,0
BRDA:894,147,0,0
BRDA:894,147,1,0
BRDA:895,148,0,0
BRDA:895,148,1,0
BRDA:909,149,0,0
BRDA:909,149,1,0
BRDA:923,150,0,0
BRDA:923,150,1,0
BRDA:943,151,0,0
BRDA:943,151,1,0
BRDA:944,152,0,0
BRDA:944,152,1,0
BRDA:953,153,0,0
BRDA:953,153,1,0
BRDA:958,154,0,0
BRDA:958,154,1,0
BRDA:958,155,0,0
BRDA:958,155,1,0
BRDA:959,156,0,0
BRDA:959,156,1,0
BRDA:963,157,0,0
BRDA:963,157,1,0
BRDA:969,158,0,0
BRDA:969,158,1,0
BRDA:970,159,0,0
BRDA:970,159,1,0
BRDA:985,160,0,0
BRDA:985,160,1,0
BRDA:990,161,0,0
BRDA:990,161,1,0
BRDA:994,162,0,0
BRDA:994,162,1,0
BRDA:995,163,0,0
BRDA:995,163,1,0
BRDA:995,163,2,0
BRDA:995,163,3,0
BRDA:1001,164,0,0
BRDA:1001,164,1,0
BRDA:1005,165,0,0
BRDA:1005,165,1,0
BRDA:1015,166,0,0
BRDA:1015,166,1,0
BRDA:1034,167,0,0
BRDA:1034,167,1,0
BRDA:1070,168,0,0
BRDA:1070,168,1,0
BRDA:1074,169,0,0
BRDA:1074,169,1,0
BRDA:1074,170,0,0
BRDA:1074,170,1,0
BRDA:1081,171,0,0
BRDA:1081,171,1,0
BRDA:1087,172,0,0
BRDA:1087,172,1,0
BRDA:1095,173,0,0
BRDA:1095,173,1,0
BRDA:1118,174,0,0
BRDA:1118,174,1,0
BRDA:1123,175,0,0
BRDA:1123,175,1,0
BRDA:1142,176,0,0
BRDA:1142,176,1,0
BRDA:1145,177,0,0
BRDA:1145,177,1,0
BRDA:1148,178,0,0
BRDA:1148,178,1,0
BRDA:1148,179,0,0
BRDA:1148,179,1,0
BRDA:1161,180,0,0
BRDA:1161,180,1,0
BRDA:1164,181,0,0
BRDA:1164,181,1,0
BRDA:1218,182,0,0
BRDA:1218,182,1,0
BRDA:1219,183,0,0
BRDA:1219,183,1,0
BRDA:1227,184,0,0
BRDA:1227,184,1,0
BRDA:1229,185,0,0
BRDA:1229,185,1,0
BRDA:1232,186,0,0
BRDA:1232,186,1,0
BRDA:1232,187,0,0
BRDA:1232,187,1,0
BRDA:1238,188,0,0
BRDA:1238,188,1,0
BRDA:1245,189,0,0
BRDA:1245,189,1,0
BRDA:1248,190,0,0
BRDA:1248,190,1,0
BRDA:1248,191,0,0
BRDA:1248,191,1,0
BRDA:1250,192,0,0
BRDA:1250,192,1,0
BRDA:1263,193,0,0
BRDA:1263,193,1,0
BRDA:1269,194,0,0
BRDA:1269,194,1,0
BRDA:1276,195,0,0
BRDA:1276,195,1,0
BRDA:1290,196,0,0
BRDA:1290,196,1,0
BRDA:1305,197,0,0
BRDA:1305,197,1,0
BRDA:1324,198,0,0
BRDA:1324,198,1,0
BRDA:1327,199,0,0
BRDA:1327,199,1,0
BRDA:1327,200,0,0
BRDA:1327,200,1,0
BRDA:1329,201,0,0
BRDA:1329,201,1,0
BRDA:1350,202,0,0
BRDA:1350,202,1,0
BRDA:1352,203,0,0
BRDA:1352,203,1,0
BRDA:1353,204,0,0
BRDA:1353,204,1,0
BRDA:1360,205,0,0
BRDA:1360,205,1,0
BRDA:1376,206,0,0
BRDA:1376,206,1,0
BRDA:1384,207,0,0
BRDA:1384,207,1,0
BRDA:1392,208,0,0
BRDA:1392,208,1,0
BRF:474
BRH:92
end_of_record
TN:
SF:src/lib/glyphParser.ts
FN:32,parseGlyphOutlines
FNF:1
FNH:1
FNDA:10,parseGlyphOutlines
DA:33,10
DA:34,10
DA:35,10
DA:37,10
DA:38,10
DA:39,10
DA:40,10
DA:41,10
DA:42,10
DA:44,10
DA:46,10
DA:47,11
DA:48,11
DA:49,11
DA:50,11
DA:52,11
DA:53,11
DA:55,11
DA:56,2
DA:57,2
DA:58,2
DA:59,2
DA:60,2
DA:61,2
DA:62,2
DA:63,2
DA:64,2
DA:67,11
DA:68,11
DA:70,11
DA:71,11
DA:73,11
DA:74,11
DA:75,11
DA:76,11
DA:78,11
DA:81,10
LF:37
LH:37
BRDA:55,0,0,2
BRDA:55,0,1,9
BRDA:70,1,0,2
BRDA:70,1,1,9
BRF:4
BRH:4
end_of_record
TN:
SF:src/lib/svgPathParser.ts
FN:10,uid
FN:23,parseSvgPath
FN:30,(anonymous_2)
FN:32,(anonymous_3)
FN:110,editablePathToSvg
FN:141,collectAllPoints
FN:157,clonePaths
FN:162,outlineDataToEditablePaths
FN:163,(anonymous_8)
FN:164,(anonymous_9)
FN:197,makePoint
FNF:11
FNH:11
FNDA:116,uid
FNDA:25,parseSvgPath
FNDA:138,(anonymous_2)
FNDA:69,(anonymous_3)
FNDA:5,editablePathToSvg
FNDA:6,collectAllPoints
FNDA:5,clonePaths
FNDA:5,outlineDataToEditablePaths
FNDA:6,(anonymous_8)
FNDA:12,(anonymous_9)
FNDA:14,makePoint
DA:9,2
DA:11,116
DA:24,25
DA:26,25
DA:27,25
DA:28,25
DA:30,138
DA:32,69
DA:34,25
DA:35,61
DA:36,61
DA:39,27
DA:40,3
DA:42,27
DA:43,27
DA:44,27
DA:45,27
DA:46,27
DA:47,27
DA:51,22
DA:52,22
DA:53,22
DA:54,22
DA:55,22
DA:56,22
DA:60,4
DA:61,4
DA:62,4
DA:63,4
DA:64,4
DA:65,4
DA:70,4
DA:74,4
DA:75,4
DA:76,4
DA:77,4
DA:78,4
DA:79,4
DA:80,4
DA:81,4
DA:87,4
DA:91,4
DA:92,4
DA:93,4
DA:98,25
DA:99,24
DA:102,25
DA:111,5
DA:113,5
DA:114,6
DA:115,13
DA:117,6
DA:118,6
DA:120,4
DA:121,4
DA:123,1
DA:124,1
DA:126,1
DA:129,1
DA:131,1
DA:132,1
DA:137,5
DA:142,6
DA:143,6
DA:144,5
DA:145,12
DA:147,1
DA:148,2
DA:149,1
DA:153,6
DA:158,5
DA:163,5
DA:164,6
DA:165,12
DA:167,6
DA:172,3
DA:177,1
DA:183,1
DA:190,1
DA:193,6
DA:198,14
LF:81
LH:81
BRDA:24,0,0,25
BRDA:24,0,1,1
BRDA:36,1,0,26
BRDA:36,1,1,27
BRDA:36,1,2,21
BRDA:36,1,3,22
BRDA:36,1,4,4
BRDA:36,1,5,4
BRDA:36,1,6,4
BRDA:36,1,7,4
BRDA:36,1,8,4
BRDA:36,1,9,4
BRDA:39,2,0,3
BRDA:39,2,1,24
BRDA:51,3,0,0
BRDA:51,3,1,22
BRDA:60,4,0,0
BRDA:60,4,1,4
BRDA:74,5,0,0
BRDA:74,5,1,4
BRDA:91,6,0,0
BRDA:91,6,1,4
BRDA:98,7,0,24
BRDA:98,7,1,1
BRDA:115,8,0,6
BRDA:115,8,1,4
BRDA:115,8,2,1
BRDA:115,8,3,1
BRDA:115,8,4,1
BRDA:145,9,0,9
BRDA:145,9,1,3
BRDA:145,10,0,12
BRDA:145,10,1,7
BRDA:145,11,0,1
BRDA:145,11,1,2
BRDA:148,12,0,1
BRDA:148,12,1,1
BRDA:165,13,0,6
BRDA:165,13,1,3
BRDA:165,13,2,1
BRDA:165,13,3,1
BRDA:165,13,4,1
BRF:42
BRH:38
end_of_record
